2025-05-05 12:06:01,041 - __main__ - ERROR - TELEGRAM_TOKEN –Ω–µ –Ω–∞–π–¥–µ–Ω –≤ .env. –£–±–µ–¥–∏—Ç–µ—Å—å, —á—Ç–æ —Ñ–∞–π–ª .env —Å–æ–¥–µ—Ä–∂–∏—Ç TELEGRAM_TOKEN=–≤–∞—à_—Ç–æ–∫–µ–Ω
2025-05-05 12:06:34,291 - __main__ - ERROR - TELEGRAM_TOKEN –Ω–µ –Ω–∞–π–¥–µ–Ω –≤ .env. –£–±–µ–¥–∏—Ç–µ—Å—å, —á—Ç–æ —Ñ–∞–π–ª .env —Å–æ–¥–µ—Ä–∂–∏—Ç TELEGRAM_TOKEN=–≤–∞—à_—Ç–æ–∫–µ–Ω
2025-05-05 12:08:40,181 - __main__ - ERROR - TELEGRAM_TOKEN –Ω–µ –Ω–∞–π–¥–µ–Ω –≤ .env. –£–±–µ–¥–∏—Ç–µ—Å—å, —á—Ç–æ —Ñ–∞–π–ª .env —Å–æ–¥–µ—Ä–∂–∏—Ç TELEGRAM_TOKEN=–≤–∞—à_—Ç–æ–∫–µ–Ω
2025-05-05 12:09:08,157 - __main__ - ERROR - TELEGRAM_TOKEN –Ω–µ –Ω–∞–π–¥–µ–Ω –≤ .env. –£–±–µ–¥–∏—Ç–µ—Å—å, —á—Ç–æ —Ñ–∞–π–ª .env —Å–æ–¥–µ—Ä–∂–∏—Ç TELEGRAM_TOKEN=–≤–∞—à_—Ç–æ–∫–µ–Ω
2025-05-05 12:12:11,228 - __main__ - ERROR - –§–∞–π–ª .env –Ω–µ –Ω–∞–π–¥–µ–Ω –≤ —Ç–µ–∫—É—â–µ–π –¥–∏—Ä–µ–∫—Ç–æ—Ä–∏–∏. –°–æ–∑–¥–∞–π—Ç–µ .env —Å TELEGRAM_TOKEN=–≤–∞—à_—Ç–æ–∫–µ–Ω
2025-05-05 12:12:24,009 - __main__ - ERROR - –§–∞–π–ª .env –Ω–µ –Ω–∞–π–¥–µ–Ω –≤ —Ç–µ–∫—É—â–µ–π –¥–∏—Ä–µ–∫—Ç–æ—Ä–∏–∏. –°–æ–∑–¥–∞–π—Ç–µ .env —Å TELEGRAM_TOKEN=–≤–∞—à_—Ç–æ–∫–µ–Ω
2025-05-05 12:14:27,070 - __main__ - ERROR - –§–∞–π–ª .env –Ω–µ –Ω–∞–π–¥–µ–Ω –≤ —Ç–µ–∫—É—â–µ–π –¥–∏—Ä–µ–∫—Ç–æ—Ä–∏–∏. –°–æ–∑–¥–∞–π—Ç–µ .env —Å TELEGRAM_TOKEN=–≤–∞—à_—Ç–æ–∫–µ–Ω
2025-05-05 12:16:59,304 - __main__ - ERROR - –§–∞–π–ª .env –Ω–µ –Ω–∞–π–¥–µ–Ω –≤ —Ç–µ–∫—É—â–µ–π –¥–∏—Ä–µ–∫—Ç–æ—Ä–∏–∏. –°–æ–∑–¥–∞–π—Ç–µ .env —Å TELEGRAM_TOKEN=–≤–∞—à_—Ç–æ–∫–µ–Ω
2025-05-05 12:18:37,058 - __main__ - ERROR - –§–∞–π–ª .env –Ω–µ –Ω–∞–π–¥–µ–Ω –≤ —Ç–µ–∫—É—â–µ–π –¥–∏—Ä–µ–∫—Ç–æ—Ä–∏–∏. –°–æ–∑–¥–∞–π—Ç–µ .env —Å TELEGRAM_TOKEN=–≤–∞—à_—Ç–æ–∫–µ–Ω
2025-05-05 12:19:27,639 - httpx - INFO - HTTP Request: POST https://api.telegram.org/bot7519915111:AAHVz5vBRDYiwaZrC22yMFHBqygUaBfV-JU/getMe "HTTP/1.1 200 OK"
2025-05-05 12:19:27,789 - httpx - INFO - HTTP Request: POST https://api.telegram.org/bot7519915111:AAHVz5vBRDYiwaZrC22yMFHBqygUaBfV-JU/deleteWebhook "HTTP/1.1 200 OK"
2025-05-05 12:19:27,791 - telegram.ext.Application - INFO - Application started
2025-05-05 12:19:28,841 - httpx - INFO - HTTP Request: POST https://api.telegram.org/bot7519915111:AAHVz5vBRDYiwaZrC22yMFHBqygUaBfV-JU/getUpdates "HTTP/1.1 200 OK"
2025-05-05 12:19:29,040 - httpx - INFO - HTTP Request: POST https://api.telegram.org/bot7519915111:AAHVz5vBRDYiwaZrC22yMFHBqygUaBfV-JU/getUpdates "HTTP/1.1 200 OK"
2025-05-05 12:19:29,041 - httpx - INFO - HTTP Request: POST https://api.telegram.org/bot7519915111:AAHVz5vBRDYiwaZrC22yMFHBqygUaBfV-JU/sendMessage "HTTP/1.1 200 OK"
2025-05-05 12:19:29,253 - httpx - INFO - HTTP Request: POST https://api.telegram.org/bot7519915111:AAHVz5vBRDYiwaZrC22yMFHBqygUaBfV-JU/sendMessage "HTTP/1.1 200 OK"
2025-05-05 12:19:31,906 - httpx - INFO - HTTP Request: POST https://api.telegram.org/bot7519915111:AAHVz5vBRDYiwaZrC22yMFHBqygUaBfV-JU/getUpdates "HTTP/1.1 200 OK"
2025-05-05 12:19:32,142 - httpx - INFO - HTTP Request: POST https://api.telegram.org/bot7519915111:AAHVz5vBRDYiwaZrC22yMFHBqygUaBfV-JU/sendMessage "HTTP/1.1 200 OK"
2025-05-05 12:19:42,053 - httpx - INFO - HTTP Request: POST https://api.telegram.org/bot7519915111:AAHVz5vBRDYiwaZrC22yMFHBqygUaBfV-JU/getUpdates "HTTP/1.1 200 OK"
2025-05-05 12:19:52,196 - httpx - INFO - HTTP Request: POST https://api.telegram.org/bot7519915111:AAHVz5vBRDYiwaZrC22yMFHBqygUaBfV-JU/getUpdates "HTTP/1.1 200 OK"
2025-05-05 12:20:02,315 - httpx - INFO - HTTP Request: POST https://api.telegram.org/bot7519915111:AAHVz5vBRDYiwaZrC22yMFHBqygUaBfV-JU/getUpdates "HTTP/1.1 200 OK"
2025-05-05 12:20:12,873 - httpx - INFO - HTTP Request: POST https://api.telegram.org/bot7519915111:AAHVz5vBRDYiwaZrC22yMFHBqygUaBfV-JU/getUpdates "HTTP/1.1 200 OK"
2025-05-05 12:20:17,873 - httpx - INFO - HTTP Request: POST https://api.telegram.org/bot7519915111:AAHVz5vBRDYiwaZrC22yMFHBqygUaBfV-JU/getUpdates "HTTP/1.1 200 OK"
2025-05-05 12:20:17,874 - telegram.ext.Application - INFO - Application is stopping. This might take a moment.
2025-05-05 12:20:17,874 - telegram.ext.Application - INFO - Application.stop() complete
2025-05-05 12:20:25,154 - httpx - INFO - HTTP Request: POST https://api.telegram.org/bot7519915111:AAHVz5vBRDYiwaZrC22yMFHBqygUaBfV-JU/getMe "HTTP/1.1 200 OK"
2025-05-05 12:20:25,768 - httpx - INFO - HTTP Request: POST https://api.telegram.org/bot7519915111:AAHVz5vBRDYiwaZrC22yMFHBqygUaBfV-JU/deleteWebhook "HTTP/1.1 200 OK"
2025-05-05 12:20:25,770 - telegram.ext.Application - INFO - Application started
2025-05-05 12:20:36,109 - httpx - INFO - HTTP Request: POST https://api.telegram.org/bot7519915111:AAHVz5vBRDYiwaZrC22yMFHBqygUaBfV-JU/getUpdates "HTTP/1.1 200 OK"
2025-05-05 12:20:45,651 - httpx - INFO - HTTP Request: POST https://api.telegram.org/bot7519915111:AAHVz5vBRDYiwaZrC22yMFHBqygUaBfV-JU/getUpdates "HTTP/1.1 200 OK"
2025-05-05 12:20:45,652 - telegram.ext.Application - INFO - Application is stopping. This might take a moment.
2025-05-05 12:20:45,653 - telegram.ext.Application - INFO - Application.stop() complete
2025-05-05 12:20:51,362 - httpx - INFO - HTTP Request: POST https://api.telegram.org/bot7519915111:AAHVz5vBRDYiwaZrC22yMFHBqygUaBfV-JU/getMe "HTTP/1.1 200 OK"
2025-05-05 12:20:51,479 - httpx - INFO - HTTP Request: POST https://api.telegram.org/bot7519915111:AAHVz5vBRDYiwaZrC22yMFHBqygUaBfV-JU/deleteWebhook "HTTP/1.1 200 OK"
2025-05-05 12:20:51,481 - telegram.ext.Application - INFO - Application started
2025-05-05 12:20:51,825 - httpx - INFO - HTTP Request: POST https://api.telegram.org/bot7519915111:AAHVz5vBRDYiwaZrC22yMFHBqygUaBfV-JU/getUpdates "HTTP/1.1 200 OK"
2025-05-05 12:20:51,995 - httpx - INFO - HTTP Request: POST https://api.telegram.org/bot7519915111:AAHVz5vBRDYiwaZrC22yMFHBqygUaBfV-JU/sendMessage "HTTP/1.1 200 OK"
2025-05-05 12:20:53,442 - httpx - INFO - HTTP Request: POST https://api.telegram.org/bot7519915111:AAHVz5vBRDYiwaZrC22yMFHBqygUaBfV-JU/getUpdates "HTTP/1.1 200 OK"
2025-05-05 12:20:53,751 - httpx - INFO - HTTP Request: POST https://api.telegram.org/bot7519915111:AAHVz5vBRDYiwaZrC22yMFHBqygUaBfV-JU/sendMessage "HTTP/1.1 200 OK"
2025-05-05 12:20:55,900 - httpx - INFO - HTTP Request: POST https://api.telegram.org/bot7519915111:AAHVz5vBRDYiwaZrC22yMFHBqygUaBfV-JU/getUpdates "HTTP/1.1 200 OK"
2025-05-05 12:20:56,172 - httpx - INFO - HTTP Request: POST https://api.telegram.org/bot7519915111:AAHVz5vBRDYiwaZrC22yMFHBqygUaBfV-JU/answerCallbackQuery "HTTP/1.1 200 OK"
2025-05-05 12:20:56,309 - httpx - INFO - HTTP Request: POST https://api.telegram.org/bot7519915111:AAHVz5vBRDYiwaZrC22yMFHBqygUaBfV-JU/editMessageText "HTTP/1.1 200 OK"
2025-05-05 12:20:58,635 - httpx - INFO - HTTP Request: POST https://api.telegram.org/bot7519915111:AAHVz5vBRDYiwaZrC22yMFHBqygUaBfV-JU/getUpdates "HTTP/1.1 200 OK"
2025-05-05 12:20:58,775 - httpx - INFO - HTTP Request: POST https://api.telegram.org/bot7519915111:AAHVz5vBRDYiwaZrC22yMFHBqygUaBfV-JU/answerCallbackQuery "HTTP/1.1 200 OK"
2025-05-05 12:20:58,938 - httpx - INFO - HTTP Request: POST https://api.telegram.org/bot7519915111:AAHVz5vBRDYiwaZrC22yMFHBqygUaBfV-JU/editMessageText "HTTP/1.1 200 OK"
2025-05-05 12:21:09,166 - httpx - INFO - HTTP Request: POST https://api.telegram.org/bot7519915111:AAHVz5vBRDYiwaZrC22yMFHBqygUaBfV-JU/getUpdates "HTTP/1.1 200 OK"
2025-05-05 12:21:19,407 - httpx - INFO - HTTP Request: POST https://api.telegram.org/bot7519915111:AAHVz5vBRDYiwaZrC22yMFHBqygUaBfV-JU/getUpdates "HTTP/1.1 200 OK"
2025-05-05 12:21:29,539 - httpx - INFO - HTTP Request: POST https://api.telegram.org/bot7519915111:AAHVz5vBRDYiwaZrC22yMFHBqygUaBfV-JU/getUpdates "HTTP/1.1 200 OK"
2025-05-05 12:21:39,671 - httpx - INFO - HTTP Request: POST https://api.telegram.org/bot7519915111:AAHVz5vBRDYiwaZrC22yMFHBqygUaBfV-JU/getUpdates "HTTP/1.1 200 OK"
2025-05-05 12:21:49,816 - httpx - INFO - HTTP Request: POST https://api.telegram.org/bot7519915111:AAHVz5vBRDYiwaZrC22yMFHBqygUaBfV-JU/getUpdates "HTTP/1.1 200 OK"
2025-05-05 12:21:59,962 - httpx - INFO - HTTP Request: POST https://api.telegram.org/bot7519915111:AAHVz5vBRDYiwaZrC22yMFHBqygUaBfV-JU/getUpdates "HTTP/1.1 200 OK"
2025-05-05 12:22:10,082 - httpx - INFO - HTTP Request: POST https://api.telegram.org/bot7519915111:AAHVz5vBRDYiwaZrC22yMFHBqygUaBfV-JU/getUpdates "HTTP/1.1 200 OK"
2025-05-05 12:22:20,193 - httpx - INFO - HTTP Request: POST https://api.telegram.org/bot7519915111:AAHVz5vBRDYiwaZrC22yMFHBqygUaBfV-JU/getUpdates "HTTP/1.1 200 OK"
2025-05-05 12:22:30,307 - httpx - INFO - HTTP Request: POST https://api.telegram.org/bot7519915111:AAHVz5vBRDYiwaZrC22yMFHBqygUaBfV-JU/getUpdates "HTTP/1.1 200 OK"
2025-05-05 12:22:40,423 - httpx - INFO - HTTP Request: POST https://api.telegram.org/bot7519915111:AAHVz5vBRDYiwaZrC22yMFHBqygUaBfV-JU/getUpdates "HTTP/1.1 200 OK"
2025-05-05 12:22:50,568 - httpx - INFO - HTTP Request: POST https://api.telegram.org/bot7519915111:AAHVz5vBRDYiwaZrC22yMFHBqygUaBfV-JU/getUpdates "HTTP/1.1 200 OK"
2025-05-05 12:23:00,688 - httpx - INFO - HTTP Request: POST https://api.telegram.org/bot7519915111:AAHVz5vBRDYiwaZrC22yMFHBqygUaBfV-JU/getUpdates "HTTP/1.1 200 OK"
2025-05-05 12:23:10,825 - httpx - INFO - HTTP Request: POST https://api.telegram.org/bot7519915111:AAHVz5vBRDYiwaZrC22yMFHBqygUaBfV-JU/getUpdates "HTTP/1.1 200 OK"
2025-05-05 12:23:20,962 - httpx - INFO - HTTP Request: POST https://api.telegram.org/bot7519915111:AAHVz5vBRDYiwaZrC22yMFHBqygUaBfV-JU/getUpdates "HTTP/1.1 200 OK"
2025-05-05 12:23:31,135 - httpx - INFO - HTTP Request: POST https://api.telegram.org/bot7519915111:AAHVz5vBRDYiwaZrC22yMFHBqygUaBfV-JU/getUpdates "HTTP/1.1 200 OK"
2025-05-05 12:23:41,335 - httpx - INFO - HTTP Request: POST https://api.telegram.org/bot7519915111:AAHVz5vBRDYiwaZrC22yMFHBqygUaBfV-JU/getUpdates "HTTP/1.1 200 OK"
2025-05-05 12:23:51,466 - httpx - INFO - HTTP Request: POST https://api.telegram.org/bot7519915111:AAHVz5vBRDYiwaZrC22yMFHBqygUaBfV-JU/getUpdates "HTTP/1.1 200 OK"
2025-05-05 12:24:00,742 - httpx - INFO - HTTP Request: POST https://api.telegram.org/bot7519915111:AAHVz5vBRDYiwaZrC22yMFHBqygUaBfV-JU/getUpdates "HTTP/1.1 200 OK"
2025-05-05 12:24:00,742 - telegram.ext.Application - INFO - Application is stopping. This might take a moment.
2025-05-05 12:24:00,743 - telegram.ext.Application - INFO - Application.stop() complete
2025-05-05 12:24:05,742 - __main__ - ERROR - –§–∞–π–ª .env –Ω–µ –Ω–∞–π–¥–µ–Ω –≤ —Ç–µ–∫—É—â–µ–π –¥–∏—Ä–µ–∫—Ç–æ—Ä–∏–∏. –°–æ–∑–¥–∞–π—Ç–µ .env —Å TELEGRAM_TOKEN=–≤–∞—à_—Ç–æ–∫–µ–Ω
2025-05-05 12:27:12,239 - __main__ - INFO - –¢–µ–∫—É—â–∞—è –¥–∏—Ä–µ–∫—Ç–æ—Ä–∏—è: C:\Users\mrbeer\Documents\Projects\PycharmProjects\tg_bot\real_bot
2025-05-05 12:27:12,239 - __main__ - ERROR - –§–∞–π–ª .env –Ω–µ –Ω–∞–π–¥–µ–Ω –≤ —Ç–µ–∫—É—â–µ–π –¥–∏—Ä–µ–∫—Ç–æ—Ä–∏–∏. –°–æ–∑–¥–∞–π—Ç–µ .env —Å TELEGRAM_TOKEN=–≤–∞—à_—Ç–æ–∫–µ–Ω
2025-05-05 12:31:34,242 - __main__ - INFO - –¢–µ–∫—É—â–∞—è –¥–∏—Ä–µ–∫—Ç–æ—Ä–∏—è: C:\Users\mrbeer\Documents\Projects\PycharmProjects\tg_bot\real_bot
2025-05-05 12:31:34,243 - __main__ - ERROR - –§–∞–π–ª .env –Ω–µ –Ω–∞–π–¥–µ–Ω –≤ —Ç–µ–∫—É—â–µ–π –¥–∏—Ä–µ–∫—Ç–æ—Ä–∏–∏. –°–æ–∑–¥–∞–π—Ç–µ .env —Å TELEGRAM_TOKEN=–≤–∞—à_—Ç–æ–∫–µ–Ω
2025-05-05 12:41:18,176 - httpx - INFO - HTTP Request: POST https://api.telegram.org/bot7519915111:AAHVz5vBRDYiwaZrC22yMFHBqygUaBfV-JU/getMe "HTTP/1.1 200 OK"
2025-05-05 12:41:18,316 - httpx - INFO - HTTP Request: POST https://api.telegram.org/bot7519915111:AAHVz5vBRDYiwaZrC22yMFHBqygUaBfV-JU/deleteWebhook "HTTP/1.1 200 OK"
2025-05-05 12:41:18,318 - telegram.ext.Application - INFO - Application started
2025-05-05 12:41:18,936 - httpx - INFO - HTTP Request: POST https://api.telegram.org/bot7519915111:AAHVz5vBRDYiwaZrC22yMFHBqygUaBfV-JU/getUpdates "HTTP/1.1 200 OK"
2025-05-05 12:41:19,115 - httpx - INFO - HTTP Request: POST https://api.telegram.org/bot7519915111:AAHVz5vBRDYiwaZrC22yMFHBqygUaBfV-JU/sendMessage "HTTP/1.1 200 OK"
2025-05-05 12:41:23,276 - httpx - INFO - HTTP Request: POST https://api.telegram.org/bot7519915111:AAHVz5vBRDYiwaZrC22yMFHBqygUaBfV-JU/getUpdates "HTTP/1.1 200 OK"
2025-05-05 12:41:23,486 - httpx - INFO - HTTP Request: POST https://api.telegram.org/bot7519915111:AAHVz5vBRDYiwaZrC22yMFHBqygUaBfV-JU/sendMessage "HTTP/1.1 200 OK"
2025-05-05 12:41:24,514 - httpx - INFO - HTTP Request: POST https://api.telegram.org/bot7519915111:AAHVz5vBRDYiwaZrC22yMFHBqygUaBfV-JU/getUpdates "HTTP/1.1 200 OK"
2025-05-05 12:41:24,718 - httpx - INFO - HTTP Request: POST https://api.telegram.org/bot7519915111:AAHVz5vBRDYiwaZrC22yMFHBqygUaBfV-JU/sendMessage "HTTP/1.1 200 OK"
2025-05-05 12:41:28,017 - httpx - INFO - HTTP Request: POST https://api.telegram.org/bot7519915111:AAHVz5vBRDYiwaZrC22yMFHBqygUaBfV-JU/getUpdates "HTTP/1.1 200 OK"
2025-05-05 12:41:28,271 - httpx - INFO - HTTP Request: POST https://api.telegram.org/bot7519915111:AAHVz5vBRDYiwaZrC22yMFHBqygUaBfV-JU/answerCallbackQuery "HTTP/1.1 200 OK"
2025-05-05 12:41:28,573 - httpx - INFO - HTTP Request: POST https://api.telegram.org/bot7519915111:AAHVz5vBRDYiwaZrC22yMFHBqygUaBfV-JU/editMessageText "HTTP/1.1 200 OK"
2025-05-05 12:41:38,192 - httpx - INFO - HTTP Request: POST https://api.telegram.org/bot7519915111:AAHVz5vBRDYiwaZrC22yMFHBqygUaBfV-JU/getUpdates "HTTP/1.1 200 OK"
2025-05-05 12:41:49,152 - httpx - INFO - HTTP Request: POST https://api.telegram.org/bot7519915111:AAHVz5vBRDYiwaZrC22yMFHBqygUaBfV-JU/getUpdates "HTTP/1.1 200 OK"
2025-05-05 12:41:53,059 - httpx - INFO - HTTP Request: POST https://api.telegram.org/bot7519915111:AAHVz5vBRDYiwaZrC22yMFHBqygUaBfV-JU/getUpdates "HTTP/1.1 200 OK"
2025-05-05 12:41:53,060 - telegram.ext.Application - INFO - Application is stopping. This might take a moment.
2025-05-05 12:41:53,060 - telegram.ext.Application - INFO - Application.stop() complete
2025-05-05 12:41:58,907 - httpx - INFO - HTTP Request: POST https://api.telegram.org/bot7519915111:AAHVz5vBRDYiwaZrC22yMFHBqygUaBfV-JU/getMe "HTTP/1.1 200 OK"
2025-05-05 12:41:59,073 - httpx - INFO - HTTP Request: POST https://api.telegram.org/bot7519915111:AAHVz5vBRDYiwaZrC22yMFHBqygUaBfV-JU/deleteWebhook "HTTP/1.1 200 OK"
2025-05-05 12:41:59,074 - telegram.ext.Application - INFO - Application started
2025-05-05 12:42:00,430 - httpx - INFO - HTTP Request: POST https://api.telegram.org/bot7519915111:AAHVz5vBRDYiwaZrC22yMFHBqygUaBfV-JU/getUpdates "HTTP/1.1 200 OK"
2025-05-05 12:42:00,598 - httpx - INFO - HTTP Request: POST https://api.telegram.org/bot7519915111:AAHVz5vBRDYiwaZrC22yMFHBqygUaBfV-JU/sendMessage "HTTP/1.1 200 OK"
2025-05-05 12:42:10,573 - httpx - INFO - HTTP Request: POST https://api.telegram.org/bot7519915111:AAHVz5vBRDYiwaZrC22yMFHBqygUaBfV-JU/getUpdates "HTTP/1.1 200 OK"
2025-05-05 12:42:20,694 - httpx - INFO - HTTP Request: POST https://api.telegram.org/bot7519915111:AAHVz5vBRDYiwaZrC22yMFHBqygUaBfV-JU/getUpdates "HTTP/1.1 200 OK"
2025-05-05 12:42:30,833 - httpx - INFO - HTTP Request: POST https://api.telegram.org/bot7519915111:AAHVz5vBRDYiwaZrC22yMFHBqygUaBfV-JU/getUpdates "HTTP/1.1 200 OK"
2025-05-05 12:42:40,974 - httpx - INFO - HTTP Request: POST https://api.telegram.org/bot7519915111:AAHVz5vBRDYiwaZrC22yMFHBqygUaBfV-JU/getUpdates "HTTP/1.1 200 OK"
2025-05-05 12:42:51,147 - httpx - INFO - HTTP Request: POST https://api.telegram.org/bot7519915111:AAHVz5vBRDYiwaZrC22yMFHBqygUaBfV-JU/getUpdates "HTTP/1.1 200 OK"
2025-05-05 12:43:01,268 - httpx - INFO - HTTP Request: POST https://api.telegram.org/bot7519915111:AAHVz5vBRDYiwaZrC22yMFHBqygUaBfV-JU/getUpdates "HTTP/1.1 200 OK"
2025-05-05 12:43:11,505 - httpx - INFO - HTTP Request: POST https://api.telegram.org/bot7519915111:AAHVz5vBRDYiwaZrC22yMFHBqygUaBfV-JU/getUpdates "HTTP/1.1 200 OK"
2025-05-05 12:43:21,725 - httpx - INFO - HTTP Request: POST https://api.telegram.org/bot7519915111:AAHVz5vBRDYiwaZrC22yMFHBqygUaBfV-JU/getUpdates "HTTP/1.1 200 OK"
2025-05-05 12:43:31,864 - httpx - INFO - HTTP Request: POST https://api.telegram.org/bot7519915111:AAHVz5vBRDYiwaZrC22yMFHBqygUaBfV-JU/getUpdates "HTTP/1.1 200 OK"
2025-05-05 12:43:42,098 - httpx - INFO - HTTP Request: POST https://api.telegram.org/bot7519915111:AAHVz5vBRDYiwaZrC22yMFHBqygUaBfV-JU/getUpdates "HTTP/1.1 200 OK"
2025-05-05 12:43:52,257 - httpx - INFO - HTTP Request: POST https://api.telegram.org/bot7519915111:AAHVz5vBRDYiwaZrC22yMFHBqygUaBfV-JU/getUpdates "HTTP/1.1 200 OK"
2025-05-05 12:44:02,364 - httpx - INFO - HTTP Request: POST https://api.telegram.org/bot7519915111:AAHVz5vBRDYiwaZrC22yMFHBqygUaBfV-JU/getUpdates "HTTP/1.1 200 OK"
2025-05-05 12:44:12,478 - httpx - INFO - HTTP Request: POST https://api.telegram.org/bot7519915111:AAHVz5vBRDYiwaZrC22yMFHBqygUaBfV-JU/getUpdates "HTTP/1.1 200 OK"
2025-05-05 12:44:16,741 - httpx - INFO - HTTP Request: POST https://api.telegram.org/bot7519915111:AAHVz5vBRDYiwaZrC22yMFHBqygUaBfV-JU/getUpdates "HTTP/1.1 200 OK"
2025-05-05 12:44:16,742 - telegram.ext.Application - INFO - Application is stopping. This might take a moment.
2025-05-05 12:44:16,742 - telegram.ext.Application - INFO - Application.stop() complete
2025-05-05 12:44:23,157 - httpx - INFO - HTTP Request: POST https://api.telegram.org/bot7519915111:AAHVz5vBRDYiwaZrC22yMFHBqygUaBfV-JU/getMe "HTTP/1.1 200 OK"
2025-05-05 12:44:23,335 - httpx - INFO - HTTP Request: POST https://api.telegram.org/bot7519915111:AAHVz5vBRDYiwaZrC22yMFHBqygUaBfV-JU/deleteWebhook "HTTP/1.1 200 OK"
2025-05-05 12:44:23,337 - telegram.ext.Application - INFO - Application started
2025-05-05 12:44:24,281 - httpx - INFO - HTTP Request: POST https://api.telegram.org/bot7519915111:AAHVz5vBRDYiwaZrC22yMFHBqygUaBfV-JU/getUpdates "HTTP/1.1 200 OK"
2025-05-05 12:44:24,751 - httpx - INFO - HTTP Request: POST https://api.telegram.org/bot7519915111:AAHVz5vBRDYiwaZrC22yMFHBqygUaBfV-JU/sendMessage "HTTP/1.1 200 OK"
2025-05-05 12:44:26,498 - httpx - INFO - HTTP Request: POST https://api.telegram.org/bot7519915111:AAHVz5vBRDYiwaZrC22yMFHBqygUaBfV-JU/getUpdates "HTTP/1.1 200 OK"
2025-05-05 12:44:26,692 - httpx - INFO - HTTP Request: POST https://api.telegram.org/bot7519915111:AAHVz5vBRDYiwaZrC22yMFHBqygUaBfV-JU/answerCallbackQuery "HTTP/1.1 200 OK"
2025-05-05 12:44:26,960 - httpx - INFO - HTTP Request: POST https://api.telegram.org/bot7519915111:AAHVz5vBRDYiwaZrC22yMFHBqygUaBfV-JU/editMessageText "HTTP/1.1 200 OK"
2025-05-05 12:44:34,270 - httpx - INFO - HTTP Request: POST https://api.telegram.org/bot7519915111:AAHVz5vBRDYiwaZrC22yMFHBqygUaBfV-JU/getUpdates "HTTP/1.1 200 OK"
2025-05-05 12:44:34,658 - httpx - INFO - HTTP Request: POST https://api.telegram.org/bot7519915111:AAHVz5vBRDYiwaZrC22yMFHBqygUaBfV-JU/answerCallbackQuery "HTTP/1.1 200 OK"
2025-05-05 12:44:34,869 - httpx - INFO - HTTP Request: POST https://api.telegram.org/bot7519915111:AAHVz5vBRDYiwaZrC22yMFHBqygUaBfV-JU/editMessageText "HTTP/1.1 200 OK"
2025-05-05 12:44:37,077 - httpx - INFO - HTTP Request: POST https://api.telegram.org/bot7519915111:AAHVz5vBRDYiwaZrC22yMFHBqygUaBfV-JU/getUpdates "HTTP/1.1 200 OK"
2025-05-05 12:44:37,335 - httpx - INFO - HTTP Request: POST https://api.telegram.org/bot7519915111:AAHVz5vBRDYiwaZrC22yMFHBqygUaBfV-JU/answerCallbackQuery "HTTP/1.1 200 OK"
2025-05-05 12:44:37,459 - httpx - INFO - HTTP Request: POST https://api.telegram.org/bot7519915111:AAHVz5vBRDYiwaZrC22yMFHBqygUaBfV-JU/editMessageText "HTTP/1.1 200 OK"
2025-05-05 12:44:38,485 - httpx - INFO - HTTP Request: POST https://api.telegram.org/bot7519915111:AAHVz5vBRDYiwaZrC22yMFHBqygUaBfV-JU/getUpdates "HTTP/1.1 200 OK"
2025-05-05 12:44:38,608 - httpx - INFO - HTTP Request: POST https://api.telegram.org/bot7519915111:AAHVz5vBRDYiwaZrC22yMFHBqygUaBfV-JU/answerCallbackQuery "HTTP/1.1 200 OK"
2025-05-05 12:44:38,734 - httpx - INFO - HTTP Request: POST https://api.telegram.org/bot7519915111:AAHVz5vBRDYiwaZrC22yMFHBqygUaBfV-JU/editMessageText "HTTP/1.1 200 OK"
2025-05-05 12:44:42,170 - httpx - INFO - HTTP Request: POST https://api.telegram.org/bot7519915111:AAHVz5vBRDYiwaZrC22yMFHBqygUaBfV-JU/getUpdates "HTTP/1.1 200 OK"
2025-05-05 12:44:42,304 - httpx - INFO - HTTP Request: POST https://api.telegram.org/bot7519915111:AAHVz5vBRDYiwaZrC22yMFHBqygUaBfV-JU/answerCallbackQuery "HTTP/1.1 200 OK"
2025-05-05 12:44:42,439 - httpx - INFO - HTTP Request: POST https://api.telegram.org/bot7519915111:AAHVz5vBRDYiwaZrC22yMFHBqygUaBfV-JU/editMessageText "HTTP/1.1 200 OK"
2025-05-05 12:44:43,444 - httpx - INFO - HTTP Request: POST https://api.telegram.org/bot7519915111:AAHVz5vBRDYiwaZrC22yMFHBqygUaBfV-JU/getUpdates "HTTP/1.1 200 OK"
2025-05-05 12:44:43,611 - httpx - INFO - HTTP Request: POST https://api.telegram.org/bot7519915111:AAHVz5vBRDYiwaZrC22yMFHBqygUaBfV-JU/answerCallbackQuery "HTTP/1.1 200 OK"
2025-05-05 12:44:44,060 - httpx - INFO - HTTP Request: POST https://api.telegram.org/bot7519915111:AAHVz5vBRDYiwaZrC22yMFHBqygUaBfV-JU/editMessageText "HTTP/1.1 200 OK"
2025-05-05 12:44:44,928 - httpx - INFO - HTTP Request: POST https://api.telegram.org/bot7519915111:AAHVz5vBRDYiwaZrC22yMFHBqygUaBfV-JU/getUpdates "HTTP/1.1 200 OK"
2025-05-05 12:44:45,093 - httpx - INFO - HTTP Request: POST https://api.telegram.org/bot7519915111:AAHVz5vBRDYiwaZrC22yMFHBqygUaBfV-JU/answerCallbackQuery "HTTP/1.1 200 OK"
2025-05-05 12:44:45,241 - httpx - INFO - HTTP Request: POST https://api.telegram.org/bot7519915111:AAHVz5vBRDYiwaZrC22yMFHBqygUaBfV-JU/editMessageText "HTTP/1.1 200 OK"
2025-05-05 12:44:46,456 - httpx - INFO - HTTP Request: POST https://api.telegram.org/bot7519915111:AAHVz5vBRDYiwaZrC22yMFHBqygUaBfV-JU/getUpdates "HTTP/1.1 200 OK"
2025-05-05 12:44:46,584 - httpx - INFO - HTTP Request: POST https://api.telegram.org/bot7519915111:AAHVz5vBRDYiwaZrC22yMFHBqygUaBfV-JU/answerCallbackQuery "HTTP/1.1 200 OK"
2025-05-05 12:44:46,738 - httpx - INFO - HTTP Request: POST https://api.telegram.org/bot7519915111:AAHVz5vBRDYiwaZrC22yMFHBqygUaBfV-JU/editMessageText "HTTP/1.1 200 OK"
2025-05-05 12:44:46,929 - httpx - INFO - HTTP Request: POST https://api.telegram.org/bot7519915111:AAHVz5vBRDYiwaZrC22yMFHBqygUaBfV-JU/sendMessage "HTTP/1.1 200 OK"
2025-05-05 12:44:57,076 - httpx - INFO - HTTP Request: POST https://api.telegram.org/bot7519915111:AAHVz5vBRDYiwaZrC22yMFHBqygUaBfV-JU/getUpdates "HTTP/1.1 200 OK"
2025-05-05 12:45:07,265 - httpx - INFO - HTTP Request: POST https://api.telegram.org/bot7519915111:AAHVz5vBRDYiwaZrC22yMFHBqygUaBfV-JU/getUpdates "HTTP/1.1 200 OK"
2025-05-05 12:45:08,689 - httpx - INFO - HTTP Request: POST https://api.telegram.org/bot7519915111:AAHVz5vBRDYiwaZrC22yMFHBqygUaBfV-JU/getUpdates "HTTP/1.1 200 OK"
2025-05-05 12:45:09,726 - httpx - INFO - HTTP Request: POST https://api.telegram.org/bot7519915111:AAHVz5vBRDYiwaZrC22yMFHBqygUaBfV-JU/sendMessage "HTTP/1.1 200 OK"
2025-05-05 12:45:18,796 - httpx - INFO - HTTP Request: POST https://api.telegram.org/bot7519915111:AAHVz5vBRDYiwaZrC22yMFHBqygUaBfV-JU/getUpdates "HTTP/1.1 200 OK"
2025-05-05 12:45:28,953 - httpx - INFO - HTTP Request: POST https://api.telegram.org/bot7519915111:AAHVz5vBRDYiwaZrC22yMFHBqygUaBfV-JU/getUpdates "HTTP/1.1 200 OK"
2025-05-05 12:45:39,064 - httpx - INFO - HTTP Request: POST https://api.telegram.org/bot7519915111:AAHVz5vBRDYiwaZrC22yMFHBqygUaBfV-JU/getUpdates "HTTP/1.1 200 OK"
2025-05-05 12:45:49,192 - httpx - INFO - HTTP Request: POST https://api.telegram.org/bot7519915111:AAHVz5vBRDYiwaZrC22yMFHBqygUaBfV-JU/getUpdates "HTTP/1.1 200 OK"
2025-05-05 12:45:59,316 - httpx - INFO - HTTP Request: POST https://api.telegram.org/bot7519915111:AAHVz5vBRDYiwaZrC22yMFHBqygUaBfV-JU/getUpdates "HTTP/1.1 200 OK"
2025-05-05 12:46:09,425 - httpx - INFO - HTTP Request: POST https://api.telegram.org/bot7519915111:AAHVz5vBRDYiwaZrC22yMFHBqygUaBfV-JU/getUpdates "HTTP/1.1 200 OK"
2025-05-05 12:46:19,551 - httpx - INFO - HTTP Request: POST https://api.telegram.org/bot7519915111:AAHVz5vBRDYiwaZrC22yMFHBqygUaBfV-JU/getUpdates "HTTP/1.1 200 OK"
2025-05-05 12:46:27,076 - httpx - INFO - HTTP Request: POST https://api.telegram.org/bot7519915111:AAHVz5vBRDYiwaZrC22yMFHBqygUaBfV-JU/getUpdates "HTTP/1.1 200 OK"
2025-05-05 12:46:27,500 - httpx - INFO - HTTP Request: POST https://api.telegram.org/bot7519915111:AAHVz5vBRDYiwaZrC22yMFHBqygUaBfV-JU/answerCallbackQuery "HTTP/1.1 200 OK"
2025-05-05 12:46:37,349 - httpx - INFO - HTTP Request: POST https://api.telegram.org/bot7519915111:AAHVz5vBRDYiwaZrC22yMFHBqygUaBfV-JU/getUpdates "HTTP/1.1 200 OK"
2025-05-05 12:46:46,787 - httpx - INFO - HTTP Request: POST https://api.telegram.org/bot7519915111:AAHVz5vBRDYiwaZrC22yMFHBqygUaBfV-JU/getUpdates "HTTP/1.1 200 OK"
2025-05-05 12:46:47,253 - httpx - INFO - HTTP Request: POST https://api.telegram.org/bot7519915111:AAHVz5vBRDYiwaZrC22yMFHBqygUaBfV-JU/answerCallbackQuery "HTTP/1.1 200 OK"
2025-05-05 12:46:47,407 - httpx - INFO - HTTP Request: POST https://api.telegram.org/bot7519915111:AAHVz5vBRDYiwaZrC22yMFHBqygUaBfV-JU/editMessageText "HTTP/1.1 200 OK"
2025-05-05 12:46:49,151 - httpx - INFO - HTTP Request: POST https://api.telegram.org/bot7519915111:AAHVz5vBRDYiwaZrC22yMFHBqygUaBfV-JU/getUpdates "HTTP/1.1 200 OK"
2025-05-05 12:46:49,465 - httpx - INFO - HTTP Request: POST https://api.telegram.org/bot7519915111:AAHVz5vBRDYiwaZrC22yMFHBqygUaBfV-JU/answerCallbackQuery "HTTP/1.1 200 OK"
2025-05-05 12:46:50,133 - httpx - INFO - HTTP Request: POST https://api.telegram.org/bot7519915111:AAHVz5vBRDYiwaZrC22yMFHBqygUaBfV-JU/editMessageText "HTTP/1.1 200 OK"
2025-05-05 12:46:50,766 - httpx - INFO - HTTP Request: POST https://api.telegram.org/bot7519915111:AAHVz5vBRDYiwaZrC22yMFHBqygUaBfV-JU/getUpdates "HTTP/1.1 200 OK"
2025-05-05 12:46:50,895 - httpx - INFO - HTTP Request: POST https://api.telegram.org/bot7519915111:AAHVz5vBRDYiwaZrC22yMFHBqygUaBfV-JU/answerCallbackQuery "HTTP/1.1 200 OK"
2025-05-05 12:46:50,912 - __main__ - INFO - API /makeOrder success: ˜‡È Ò ÍÓËˆÂÈ, status: 200
2025-05-05 12:46:51,100 - httpx - INFO - HTTP Request: POST https://api.telegram.org/bot7519915111:AAHVz5vBRDYiwaZrC22yMFHBqygUaBfV-JU/editMessageText "HTTP/1.1 200 OK"
2025-05-05 12:46:51,263 - httpx - INFO - HTTP Request: POST https://api.telegram.org/bot7519915111:AAHVz5vBRDYiwaZrC22yMFHBqygUaBfV-JU/sendMessage "HTTP/1.1 200 OK"
2025-05-05 12:47:01,205 - httpx - INFO - HTTP Request: POST https://api.telegram.org/bot7519915111:AAHVz5vBRDYiwaZrC22yMFHBqygUaBfV-JU/getUpdates "HTTP/1.1 200 OK"
2025-05-05 12:47:11,334 - httpx - INFO - HTTP Request: POST https://api.telegram.org/bot7519915111:AAHVz5vBRDYiwaZrC22yMFHBqygUaBfV-JU/getUpdates "HTTP/1.1 200 OK"
2025-05-05 12:47:21,453 - httpx - INFO - HTTP Request: POST https://api.telegram.org/bot7519915111:AAHVz5vBRDYiwaZrC22yMFHBqygUaBfV-JU/getUpdates "HTTP/1.1 200 OK"
2025-05-05 12:47:31,747 - httpx - INFO - HTTP Request: POST https://api.telegram.org/bot7519915111:AAHVz5vBRDYiwaZrC22yMFHBqygUaBfV-JU/getUpdates "HTTP/1.1 200 OK"
2025-05-05 12:47:41,941 - httpx - INFO - HTTP Request: POST https://api.telegram.org/bot7519915111:AAHVz5vBRDYiwaZrC22yMFHBqygUaBfV-JU/getUpdates "HTTP/1.1 200 OK"
2025-05-05 12:47:52,273 - httpx - INFO - HTTP Request: POST https://api.telegram.org/bot7519915111:AAHVz5vBRDYiwaZrC22yMFHBqygUaBfV-JU/getUpdates "HTTP/1.1 200 OK"
2025-05-05 12:47:57,656 - httpx - INFO - HTTP Request: POST https://api.telegram.org/bot7519915111:AAHVz5vBRDYiwaZrC22yMFHBqygUaBfV-JU/getUpdates "HTTP/1.1 200 OK"
2025-05-05 12:47:57,657 - telegram.ext.Application - INFO - Application is stopping. This might take a moment.
2025-05-05 12:47:57,657 - telegram.ext.Application - INFO - Application.stop() complete
2025-05-05 12:48:06,304 - httpx - INFO - HTTP Request: POST https://api.telegram.org/bot7519915111:AAHVz5vBRDYiwaZrC22yMFHBqygUaBfV-JU/getMe "HTTP/1.1 200 OK"
2025-05-05 12:48:06,662 - httpx - INFO - HTTP Request: POST https://api.telegram.org/bot7519915111:AAHVz5vBRDYiwaZrC22yMFHBqygUaBfV-JU/deleteWebhook "HTTP/1.1 200 OK"
2025-05-05 12:48:06,663 - telegram.ext.Application - INFO - Application started
2025-05-05 12:48:17,242 - httpx - INFO - HTTP Request: POST https://api.telegram.org/bot7519915111:AAHVz5vBRDYiwaZrC22yMFHBqygUaBfV-JU/getUpdates "HTTP/1.1 200 OK"
2025-05-05 12:48:27,353 - httpx - INFO - HTTP Request: POST https://api.telegram.org/bot7519915111:AAHVz5vBRDYiwaZrC22yMFHBqygUaBfV-JU/getUpdates "HTTP/1.1 200 OK"
2025-05-05 12:48:37,674 - httpx - INFO - HTTP Request: POST https://api.telegram.org/bot7519915111:AAHVz5vBRDYiwaZrC22yMFHBqygUaBfV-JU/getUpdates "HTTP/1.1 200 OK"
2025-05-05 12:48:47,807 - httpx - INFO - HTTP Request: POST https://api.telegram.org/bot7519915111:AAHVz5vBRDYiwaZrC22yMFHBqygUaBfV-JU/getUpdates "HTTP/1.1 200 OK"
2025-05-05 12:48:58,048 - httpx - INFO - HTTP Request: POST https://api.telegram.org/bot7519915111:AAHVz5vBRDYiwaZrC22yMFHBqygUaBfV-JU/getUpdates "HTTP/1.1 200 OK"
2025-05-05 12:49:08,238 - httpx - INFO - HTTP Request: POST https://api.telegram.org/bot7519915111:AAHVz5vBRDYiwaZrC22yMFHBqygUaBfV-JU/getUpdates "HTTP/1.1 200 OK"
2025-05-05 12:49:11,691 - httpx - INFO - HTTP Request: POST https://api.telegram.org/bot7519915111:AAHVz5vBRDYiwaZrC22yMFHBqygUaBfV-JU/getUpdates "HTTP/1.1 200 OK"
2025-05-05 12:49:11,692 - telegram.ext.Application - INFO - Application is stopping. This might take a moment.
2025-05-05 12:49:11,692 - telegram.ext.Application - INFO - Application.stop() complete
2025-05-05 12:49:17,725 - httpx - INFO - HTTP Request: POST https://api.telegram.org/bot7519915111:AAHVz5vBRDYiwaZrC22yMFHBqygUaBfV-JU/getMe "HTTP/1.1 200 OK"
2025-05-05 12:49:17,837 - httpx - INFO - HTTP Request: POST https://api.telegram.org/bot7519915111:AAHVz5vBRDYiwaZrC22yMFHBqygUaBfV-JU/deleteWebhook "HTTP/1.1 200 OK"
2025-05-05 12:49:17,840 - telegram.ext.Application - INFO - Application started
2025-05-05 12:49:18,227 - httpx - INFO - HTTP Request: POST https://api.telegram.org/bot7519915111:AAHVz5vBRDYiwaZrC22yMFHBqygUaBfV-JU/getUpdates "HTTP/1.1 200 OK"
2025-05-05 12:49:18,411 - httpx - INFO - HTTP Request: POST https://api.telegram.org/bot7519915111:AAHVz5vBRDYiwaZrC22yMFHBqygUaBfV-JU/sendMessage "HTTP/1.1 200 OK"
2025-05-05 12:49:19,933 - httpx - INFO - HTTP Request: POST https://api.telegram.org/bot7519915111:AAHVz5vBRDYiwaZrC22yMFHBqygUaBfV-JU/getUpdates "HTTP/1.1 200 OK"
2025-05-05 12:49:20,220 - httpx - INFO - HTTP Request: POST https://api.telegram.org/bot7519915111:AAHVz5vBRDYiwaZrC22yMFHBqygUaBfV-JU/answerCallbackQuery "HTTP/1.1 200 OK"
2025-05-05 12:49:20,455 - httpx - INFO - HTTP Request: POST https://api.telegram.org/bot7519915111:AAHVz5vBRDYiwaZrC22yMFHBqygUaBfV-JU/editMessageText "HTTP/1.1 200 OK"
2025-05-05 12:49:22,759 - httpx - INFO - HTTP Request: POST https://api.telegram.org/bot7519915111:AAHVz5vBRDYiwaZrC22yMFHBqygUaBfV-JU/getUpdates "HTTP/1.1 200 OK"
2025-05-05 12:49:22,952 - httpx - INFO - HTTP Request: POST https://api.telegram.org/bot7519915111:AAHVz5vBRDYiwaZrC22yMFHBqygUaBfV-JU/answerCallbackQuery "HTTP/1.1 200 OK"
2025-05-05 12:49:23,354 - httpx - INFO - HTTP Request: POST https://api.telegram.org/bot7519915111:AAHVz5vBRDYiwaZrC22yMFHBqygUaBfV-JU/editMessageText "HTTP/1.1 200 OK"
2025-05-05 12:49:24,572 - httpx - INFO - HTTP Request: POST https://api.telegram.org/bot7519915111:AAHVz5vBRDYiwaZrC22yMFHBqygUaBfV-JU/getUpdates "HTTP/1.1 200 OK"
2025-05-05 12:49:24,772 - httpx - INFO - HTTP Request: POST https://api.telegram.org/bot7519915111:AAHVz5vBRDYiwaZrC22yMFHBqygUaBfV-JU/answerCallbackQuery "HTTP/1.1 200 OK"
2025-05-05 12:49:24,989 - httpx - INFO - HTTP Request: POST https://api.telegram.org/bot7519915111:AAHVz5vBRDYiwaZrC22yMFHBqygUaBfV-JU/editMessageText "HTTP/1.1 200 OK"
2025-05-05 12:49:25,889 - httpx - INFO - HTTP Request: POST https://api.telegram.org/bot7519915111:AAHVz5vBRDYiwaZrC22yMFHBqygUaBfV-JU/getUpdates "HTTP/1.1 200 OK"
2025-05-05 12:49:26,009 - httpx - INFO - HTTP Request: POST https://api.telegram.org/bot7519915111:AAHVz5vBRDYiwaZrC22yMFHBqygUaBfV-JU/answerCallbackQuery "HTTP/1.1 200 OK"
2025-05-05 12:49:26,141 - httpx - INFO - HTTP Request: POST https://api.telegram.org/bot7519915111:AAHVz5vBRDYiwaZrC22yMFHBqygUaBfV-JU/editMessageText "HTTP/1.1 200 OK"
2025-05-05 12:49:29,474 - httpx - INFO - HTTP Request: POST https://api.telegram.org/bot7519915111:AAHVz5vBRDYiwaZrC22yMFHBqygUaBfV-JU/getUpdates "HTTP/1.1 200 OK"
2025-05-05 12:49:29,713 - httpx - INFO - HTTP Request: POST https://api.telegram.org/bot7519915111:AAHVz5vBRDYiwaZrC22yMFHBqygUaBfV-JU/answerCallbackQuery "HTTP/1.1 200 OK"
2025-05-05 12:49:29,881 - httpx - INFO - HTTP Request: POST https://api.telegram.org/bot7519915111:AAHVz5vBRDYiwaZrC22yMFHBqygUaBfV-JU/editMessageText "HTTP/1.1 200 OK"
2025-05-05 12:49:31,812 - httpx - INFO - HTTP Request: POST https://api.telegram.org/bot7519915111:AAHVz5vBRDYiwaZrC22yMFHBqygUaBfV-JU/getUpdates "HTTP/1.1 200 OK"
2025-05-05 12:49:32,014 - httpx - INFO - HTTP Request: POST https://api.telegram.org/bot7519915111:AAHVz5vBRDYiwaZrC22yMFHBqygUaBfV-JU/answerCallbackQuery "HTTP/1.1 200 OK"
2025-05-05 12:49:32,358 - httpx - INFO - HTTP Request: POST https://api.telegram.org/bot7519915111:AAHVz5vBRDYiwaZrC22yMFHBqygUaBfV-JU/editMessageText "HTTP/1.1 200 OK"
2025-05-05 12:49:42,011 - httpx - INFO - HTTP Request: POST https://api.telegram.org/bot7519915111:AAHVz5vBRDYiwaZrC22yMFHBqygUaBfV-JU/getUpdates "HTTP/1.1 200 OK"
2025-05-05 12:49:52,514 - httpx - INFO - HTTP Request: POST https://api.telegram.org/bot7519915111:AAHVz5vBRDYiwaZrC22yMFHBqygUaBfV-JU/getUpdates "HTTP/1.1 200 OK"
2025-05-05 12:50:02,836 - httpx - INFO - HTTP Request: POST https://api.telegram.org/bot7519915111:AAHVz5vBRDYiwaZrC22yMFHBqygUaBfV-JU/getUpdates "HTTP/1.1 200 OK"
2025-05-05 12:50:12,953 - httpx - INFO - HTTP Request: POST https://api.telegram.org/bot7519915111:AAHVz5vBRDYiwaZrC22yMFHBqygUaBfV-JU/getUpdates "HTTP/1.1 200 OK"
2025-05-05 12:50:23,131 - httpx - INFO - HTTP Request: POST https://api.telegram.org/bot7519915111:AAHVz5vBRDYiwaZrC22yMFHBqygUaBfV-JU/getUpdates "HTTP/1.1 200 OK"
2025-05-05 12:50:33,248 - httpx - INFO - HTTP Request: POST https://api.telegram.org/bot7519915111:AAHVz5vBRDYiwaZrC22yMFHBqygUaBfV-JU/getUpdates "HTTP/1.1 200 OK"
2025-05-05 12:50:43,387 - httpx - INFO - HTTP Request: POST https://api.telegram.org/bot7519915111:AAHVz5vBRDYiwaZrC22yMFHBqygUaBfV-JU/getUpdates "HTTP/1.1 200 OK"
2025-05-05 12:50:53,588 - httpx - INFO - HTTP Request: POST https://api.telegram.org/bot7519915111:AAHVz5vBRDYiwaZrC22yMFHBqygUaBfV-JU/getUpdates "HTTP/1.1 200 OK"
2025-05-05 12:51:03,703 - httpx - INFO - HTTP Request: POST https://api.telegram.org/bot7519915111:AAHVz5vBRDYiwaZrC22yMFHBqygUaBfV-JU/getUpdates "HTTP/1.1 200 OK"
2025-05-05 12:51:13,921 - httpx - INFO - HTTP Request: POST https://api.telegram.org/bot7519915111:AAHVz5vBRDYiwaZrC22yMFHBqygUaBfV-JU/getUpdates "HTTP/1.1 200 OK"
2025-05-05 12:51:24,364 - httpx - INFO - HTTP Request: POST https://api.telegram.org/bot7519915111:AAHVz5vBRDYiwaZrC22yMFHBqygUaBfV-JU/getUpdates "HTTP/1.1 200 OK"
2025-05-05 12:51:34,488 - httpx - INFO - HTTP Request: POST https://api.telegram.org/bot7519915111:AAHVz5vBRDYiwaZrC22yMFHBqygUaBfV-JU/getUpdates "HTTP/1.1 200 OK"
2025-05-05 12:51:44,710 - httpx - INFO - HTTP Request: POST https://api.telegram.org/bot7519915111:AAHVz5vBRDYiwaZrC22yMFHBqygUaBfV-JU/getUpdates "HTTP/1.1 200 OK"
2025-05-05 12:51:54,824 - httpx - INFO - HTTP Request: POST https://api.telegram.org/bot7519915111:AAHVz5vBRDYiwaZrC22yMFHBqygUaBfV-JU/getUpdates "HTTP/1.1 200 OK"
2025-05-05 12:52:04,941 - httpx - INFO - HTTP Request: POST https://api.telegram.org/bot7519915111:AAHVz5vBRDYiwaZrC22yMFHBqygUaBfV-JU/getUpdates "HTTP/1.1 200 OK"
2025-05-05 12:52:15,087 - httpx - INFO - HTTP Request: POST https://api.telegram.org/bot7519915111:AAHVz5vBRDYiwaZrC22yMFHBqygUaBfV-JU/getUpdates "HTTP/1.1 200 OK"
2025-05-05 12:52:25,277 - httpx - INFO - HTTP Request: POST https://api.telegram.org/bot7519915111:AAHVz5vBRDYiwaZrC22yMFHBqygUaBfV-JU/getUpdates "HTTP/1.1 200 OK"
2025-05-05 12:52:35,413 - httpx - INFO - HTTP Request: POST https://api.telegram.org/bot7519915111:AAHVz5vBRDYiwaZrC22yMFHBqygUaBfV-JU/getUpdates "HTTP/1.1 200 OK"
2025-05-05 12:52:45,695 - httpx - INFO - HTTP Request: POST https://api.telegram.org/bot7519915111:AAHVz5vBRDYiwaZrC22yMFHBqygUaBfV-JU/getUpdates "HTTP/1.1 200 OK"
2025-05-05 12:52:55,822 - httpx - INFO - HTTP Request: POST https://api.telegram.org/bot7519915111:AAHVz5vBRDYiwaZrC22yMFHBqygUaBfV-JU/getUpdates "HTTP/1.1 200 OK"
2025-05-05 12:53:06,360 - httpx - INFO - HTTP Request: POST https://api.telegram.org/bot7519915111:AAHVz5vBRDYiwaZrC22yMFHBqygUaBfV-JU/getUpdates "HTTP/1.1 200 OK"
2025-05-05 12:53:16,500 - httpx - INFO - HTTP Request: POST https://api.telegram.org/bot7519915111:AAHVz5vBRDYiwaZrC22yMFHBqygUaBfV-JU/getUpdates "HTTP/1.1 200 OK"
2025-05-05 12:53:26,636 - httpx - INFO - HTTP Request: POST https://api.telegram.org/bot7519915111:AAHVz5vBRDYiwaZrC22yMFHBqygUaBfV-JU/getUpdates "HTTP/1.1 200 OK"
2025-05-05 12:53:36,856 - httpx - INFO - HTTP Request: POST https://api.telegram.org/bot7519915111:AAHVz5vBRDYiwaZrC22yMFHBqygUaBfV-JU/getUpdates "HTTP/1.1 200 OK"
2025-05-05 12:53:47,146 - httpx - INFO - HTTP Request: POST https://api.telegram.org/bot7519915111:AAHVz5vBRDYiwaZrC22yMFHBqygUaBfV-JU/getUpdates "HTTP/1.1 200 OK"
2025-05-05 12:53:57,271 - httpx - INFO - HTTP Request: POST https://api.telegram.org/bot7519915111:AAHVz5vBRDYiwaZrC22yMFHBqygUaBfV-JU/getUpdates "HTTP/1.1 200 OK"
2025-05-05 12:54:07,503 - httpx - INFO - HTTP Request: POST https://api.telegram.org/bot7519915111:AAHVz5vBRDYiwaZrC22yMFHBqygUaBfV-JU/getUpdates "HTTP/1.1 200 OK"
2025-05-05 12:54:17,638 - httpx - INFO - HTTP Request: POST https://api.telegram.org/bot7519915111:AAHVz5vBRDYiwaZrC22yMFHBqygUaBfV-JU/getUpdates "HTTP/1.1 200 OK"
2025-05-05 12:54:27,813 - httpx - INFO - HTTP Request: POST https://api.telegram.org/bot7519915111:AAHVz5vBRDYiwaZrC22yMFHBqygUaBfV-JU/getUpdates "HTTP/1.1 200 OK"
2025-05-05 12:54:37,944 - httpx - INFO - HTTP Request: POST https://api.telegram.org/bot7519915111:AAHVz5vBRDYiwaZrC22yMFHBqygUaBfV-JU/getUpdates "HTTP/1.1 200 OK"
2025-05-05 12:54:48,056 - httpx - INFO - HTTP Request: POST https://api.telegram.org/bot7519915111:AAHVz5vBRDYiwaZrC22yMFHBqygUaBfV-JU/getUpdates "HTTP/1.1 200 OK"
2025-05-05 12:54:58,303 - httpx - INFO - HTTP Request: POST https://api.telegram.org/bot7519915111:AAHVz5vBRDYiwaZrC22yMFHBqygUaBfV-JU/getUpdates "HTTP/1.1 200 OK"
2025-05-05 12:55:08,496 - httpx - INFO - HTTP Request: POST https://api.telegram.org/bot7519915111:AAHVz5vBRDYiwaZrC22yMFHBqygUaBfV-JU/getUpdates "HTTP/1.1 200 OK"
2025-05-05 12:55:18,604 - httpx - INFO - HTTP Request: POST https://api.telegram.org/bot7519915111:AAHVz5vBRDYiwaZrC22yMFHBqygUaBfV-JU/getUpdates "HTTP/1.1 200 OK"
2025-05-05 12:55:28,743 - httpx - INFO - HTTP Request: POST https://api.telegram.org/bot7519915111:AAHVz5vBRDYiwaZrC22yMFHBqygUaBfV-JU/getUpdates "HTTP/1.1 200 OK"
2025-05-05 12:55:38,861 - httpx - INFO - HTTP Request: POST https://api.telegram.org/bot7519915111:AAHVz5vBRDYiwaZrC22yMFHBqygUaBfV-JU/getUpdates "HTTP/1.1 200 OK"
2025-05-05 12:55:48,969 - httpx - INFO - HTTP Request: POST https://api.telegram.org/bot7519915111:AAHVz5vBRDYiwaZrC22yMFHBqygUaBfV-JU/getUpdates "HTTP/1.1 200 OK"
2025-05-05 12:55:59,159 - httpx - INFO - HTTP Request: POST https://api.telegram.org/bot7519915111:AAHVz5vBRDYiwaZrC22yMFHBqygUaBfV-JU/getUpdates "HTTP/1.1 200 OK"
2025-05-05 12:56:09,433 - httpx - INFO - HTTP Request: POST https://api.telegram.org/bot7519915111:AAHVz5vBRDYiwaZrC22yMFHBqygUaBfV-JU/getUpdates "HTTP/1.1 200 OK"
2025-05-05 12:56:19,671 - httpx - INFO - HTTP Request: POST https://api.telegram.org/bot7519915111:AAHVz5vBRDYiwaZrC22yMFHBqygUaBfV-JU/getUpdates "HTTP/1.1 200 OK"
2025-05-05 12:56:29,814 - httpx - INFO - HTTP Request: POST https://api.telegram.org/bot7519915111:AAHVz5vBRDYiwaZrC22yMFHBqygUaBfV-JU/getUpdates "HTTP/1.1 200 OK"
2025-05-05 12:56:39,981 - httpx - INFO - HTTP Request: POST https://api.telegram.org/bot7519915111:AAHVz5vBRDYiwaZrC22yMFHBqygUaBfV-JU/getUpdates "HTTP/1.1 200 OK"
2025-05-05 12:56:50,093 - httpx - INFO - HTTP Request: POST https://api.telegram.org/bot7519915111:AAHVz5vBRDYiwaZrC22yMFHBqygUaBfV-JU/getUpdates "HTTP/1.1 200 OK"
2025-05-05 12:57:00,222 - httpx - INFO - HTTP Request: POST https://api.telegram.org/bot7519915111:AAHVz5vBRDYiwaZrC22yMFHBqygUaBfV-JU/getUpdates "HTTP/1.1 200 OK"
2025-05-05 12:57:10,368 - httpx - INFO - HTTP Request: POST https://api.telegram.org/bot7519915111:AAHVz5vBRDYiwaZrC22yMFHBqygUaBfV-JU/getUpdates "HTTP/1.1 200 OK"
2025-05-05 12:57:20,564 - httpx - INFO - HTTP Request: POST https://api.telegram.org/bot7519915111:AAHVz5vBRDYiwaZrC22yMFHBqygUaBfV-JU/getUpdates "HTTP/1.1 200 OK"
2025-05-05 12:57:30,679 - httpx - INFO - HTTP Request: POST https://api.telegram.org/bot7519915111:AAHVz5vBRDYiwaZrC22yMFHBqygUaBfV-JU/getUpdates "HTTP/1.1 200 OK"
2025-05-05 12:57:38,076 - httpx - INFO - HTTP Request: POST https://api.telegram.org/bot7519915111:AAHVz5vBRDYiwaZrC22yMFHBqygUaBfV-JU/getUpdates "HTTP/1.1 200 OK"
2025-05-05 12:57:38,077 - telegram.ext.Application - INFO - Application is stopping. This might take a moment.
2025-05-05 12:57:38,077 - telegram.ext.Application - INFO - Application.stop() complete
2025-05-05 12:57:44,306 - httpx - INFO - HTTP Request: POST https://api.telegram.org/bot7519915111:AAHVz5vBRDYiwaZrC22yMFHBqygUaBfV-JU/getMe "HTTP/1.1 200 OK"
2025-05-05 12:57:44,563 - httpx - INFO - HTTP Request: POST https://api.telegram.org/bot7519915111:AAHVz5vBRDYiwaZrC22yMFHBqygUaBfV-JU/deleteWebhook "HTTP/1.1 200 OK"
2025-05-05 12:57:44,565 - telegram.ext.Application - INFO - Application started
2025-05-05 12:57:45,513 - httpx - INFO - HTTP Request: POST https://api.telegram.org/bot7519915111:AAHVz5vBRDYiwaZrC22yMFHBqygUaBfV-JU/getUpdates "HTTP/1.1 200 OK"
2025-05-05 12:57:45,653 - httpx - INFO - HTTP Request: POST https://api.telegram.org/bot7519915111:AAHVz5vBRDYiwaZrC22yMFHBqygUaBfV-JU/sendMessage "HTTP/1.1 200 OK"
2025-05-05 12:57:47,556 - httpx - INFO - HTTP Request: POST https://api.telegram.org/bot7519915111:AAHVz5vBRDYiwaZrC22yMFHBqygUaBfV-JU/getUpdates "HTTP/1.1 200 OK"
2025-05-05 12:57:47,701 - httpx - INFO - HTTP Request: POST https://api.telegram.org/bot7519915111:AAHVz5vBRDYiwaZrC22yMFHBqygUaBfV-JU/answerCallbackQuery "HTTP/1.1 200 OK"
2025-05-05 12:57:47,865 - httpx - INFO - HTTP Request: POST https://api.telegram.org/bot7519915111:AAHVz5vBRDYiwaZrC22yMFHBqygUaBfV-JU/editMessageText "HTTP/1.1 200 OK"
2025-05-05 12:57:49,308 - httpx - INFO - HTTP Request: POST https://api.telegram.org/bot7519915111:AAHVz5vBRDYiwaZrC22yMFHBqygUaBfV-JU/getUpdates "HTTP/1.1 200 OK"
2025-05-05 12:57:49,703 - httpx - INFO - HTTP Request: POST https://api.telegram.org/bot7519915111:AAHVz5vBRDYiwaZrC22yMFHBqygUaBfV-JU/answerCallbackQuery "HTTP/1.1 200 OK"
2025-05-05 12:57:49,844 - httpx - INFO - HTTP Request: POST https://api.telegram.org/bot7519915111:AAHVz5vBRDYiwaZrC22yMFHBqygUaBfV-JU/editMessageText "HTTP/1.1 200 OK"
2025-05-05 12:57:59,482 - httpx - INFO - HTTP Request: POST https://api.telegram.org/bot7519915111:AAHVz5vBRDYiwaZrC22yMFHBqygUaBfV-JU/getUpdates "HTTP/1.1 200 OK"
2025-05-05 12:58:09,651 - httpx - INFO - HTTP Request: POST https://api.telegram.org/bot7519915111:AAHVz5vBRDYiwaZrC22yMFHBqygUaBfV-JU/getUpdates "HTTP/1.1 200 OK"
2025-05-05 12:58:19,938 - httpx - INFO - HTTP Request: POST https://api.telegram.org/bot7519915111:AAHVz5vBRDYiwaZrC22yMFHBqygUaBfV-JU/getUpdates "HTTP/1.1 200 OK"
2025-05-05 12:58:30,067 - httpx - INFO - HTTP Request: POST https://api.telegram.org/bot7519915111:AAHVz5vBRDYiwaZrC22yMFHBqygUaBfV-JU/getUpdates "HTTP/1.1 200 OK"
2025-05-05 12:58:40,180 - httpx - INFO - HTTP Request: POST https://api.telegram.org/bot7519915111:AAHVz5vBRDYiwaZrC22yMFHBqygUaBfV-JU/getUpdates "HTTP/1.1 200 OK"
2025-05-05 12:58:50,298 - httpx - INFO - HTTP Request: POST https://api.telegram.org/bot7519915111:AAHVz5vBRDYiwaZrC22yMFHBqygUaBfV-JU/getUpdates "HTTP/1.1 200 OK"
2025-05-05 12:59:00,404 - httpx - INFO - HTTP Request: POST https://api.telegram.org/bot7519915111:AAHVz5vBRDYiwaZrC22yMFHBqygUaBfV-JU/getUpdates "HTTP/1.1 200 OK"
2025-05-05 12:59:10,674 - httpx - INFO - HTTP Request: POST https://api.telegram.org/bot7519915111:AAHVz5vBRDYiwaZrC22yMFHBqygUaBfV-JU/getUpdates "HTTP/1.1 200 OK"
2025-05-05 12:59:20,785 - httpx - INFO - HTTP Request: POST https://api.telegram.org/bot7519915111:AAHVz5vBRDYiwaZrC22yMFHBqygUaBfV-JU/getUpdates "HTTP/1.1 200 OK"
2025-05-05 12:59:30,957 - httpx - INFO - HTTP Request: POST https://api.telegram.org/bot7519915111:AAHVz5vBRDYiwaZrC22yMFHBqygUaBfV-JU/getUpdates "HTTP/1.1 200 OK"
2025-05-05 12:59:41,133 - httpx - INFO - HTTP Request: POST https://api.telegram.org/bot7519915111:AAHVz5vBRDYiwaZrC22yMFHBqygUaBfV-JU/getUpdates "HTTP/1.1 200 OK"
2025-05-05 12:59:51,239 - httpx - INFO - HTTP Request: POST https://api.telegram.org/bot7519915111:AAHVz5vBRDYiwaZrC22yMFHBqygUaBfV-JU/getUpdates "HTTP/1.1 200 OK"
2025-05-05 13:00:01,385 - httpx - INFO - HTTP Request: POST https://api.telegram.org/bot7519915111:AAHVz5vBRDYiwaZrC22yMFHBqygUaBfV-JU/getUpdates "HTTP/1.1 200 OK"
2025-05-05 13:00:11,739 - httpx - INFO - HTTP Request: POST https://api.telegram.org/bot7519915111:AAHVz5vBRDYiwaZrC22yMFHBqygUaBfV-JU/getUpdates "HTTP/1.1 200 OK"
2025-05-05 13:00:21,917 - httpx - INFO - HTTP Request: POST https://api.telegram.org/bot7519915111:AAHVz5vBRDYiwaZrC22yMFHBqygUaBfV-JU/getUpdates "HTTP/1.1 200 OK"
2025-05-05 13:00:32,107 - httpx - INFO - HTTP Request: POST https://api.telegram.org/bot7519915111:AAHVz5vBRDYiwaZrC22yMFHBqygUaBfV-JU/getUpdates "HTTP/1.1 200 OK"
2025-05-05 13:00:42,221 - httpx - INFO - HTTP Request: POST https://api.telegram.org/bot7519915111:AAHVz5vBRDYiwaZrC22yMFHBqygUaBfV-JU/getUpdates "HTTP/1.1 200 OK"
2025-05-05 13:00:45,977 - httpx - INFO - HTTP Request: POST https://api.telegram.org/bot7519915111:AAHVz5vBRDYiwaZrC22yMFHBqygUaBfV-JU/getUpdates "HTTP/1.1 200 OK"
2025-05-05 13:00:45,978 - telegram.ext.Application - INFO - Application is stopping. This might take a moment.
2025-05-05 13:00:45,978 - telegram.ext.Application - INFO - Application.stop() complete
2025-05-05 13:00:52,372 - httpx - INFO - HTTP Request: POST https://api.telegram.org/bot7519915111:AAHVz5vBRDYiwaZrC22yMFHBqygUaBfV-JU/getMe "HTTP/1.1 200 OK"
2025-05-05 13:00:52,495 - httpx - INFO - HTTP Request: POST https://api.telegram.org/bot7519915111:AAHVz5vBRDYiwaZrC22yMFHBqygUaBfV-JU/deleteWebhook "HTTP/1.1 200 OK"
2025-05-05 13:00:52,497 - telegram.ext.Application - INFO - Application started
2025-05-05 13:00:53,328 - httpx - INFO - HTTP Request: POST https://api.telegram.org/bot7519915111:AAHVz5vBRDYiwaZrC22yMFHBqygUaBfV-JU/getUpdates "HTTP/1.1 200 OK"
2025-05-05 13:00:53,487 - httpx - INFO - HTTP Request: POST https://api.telegram.org/bot7519915111:AAHVz5vBRDYiwaZrC22yMFHBqygUaBfV-JU/sendMessage "HTTP/1.1 200 OK"
2025-05-05 13:00:54,767 - httpx - INFO - HTTP Request: POST https://api.telegram.org/bot7519915111:AAHVz5vBRDYiwaZrC22yMFHBqygUaBfV-JU/getUpdates "HTTP/1.1 200 OK"
2025-05-05 13:00:55,077 - httpx - INFO - HTTP Request: POST https://api.telegram.org/bot7519915111:AAHVz5vBRDYiwaZrC22yMFHBqygUaBfV-JU/answerCallbackQuery "HTTP/1.1 200 OK"
2025-05-05 13:00:55,322 - httpx - INFO - HTTP Request: POST https://api.telegram.org/bot7519915111:AAHVz5vBRDYiwaZrC22yMFHBqygUaBfV-JU/editMessageText "HTTP/1.1 200 OK"
2025-05-05 13:00:57,237 - httpx - INFO - HTTP Request: POST https://api.telegram.org/bot7519915111:AAHVz5vBRDYiwaZrC22yMFHBqygUaBfV-JU/getUpdates "HTTP/1.1 200 OK"
2025-05-05 13:00:57,377 - httpx - INFO - HTTP Request: POST https://api.telegram.org/bot7519915111:AAHVz5vBRDYiwaZrC22yMFHBqygUaBfV-JU/answerCallbackQuery "HTTP/1.1 200 OK"
2025-05-05 13:00:57,518 - httpx - INFO - HTTP Request: POST https://api.telegram.org/bot7519915111:AAHVz5vBRDYiwaZrC22yMFHBqygUaBfV-JU/editMessageText "HTTP/1.1 200 OK"
2025-05-05 13:01:00,504 - httpx - INFO - HTTP Request: POST https://api.telegram.org/bot7519915111:AAHVz5vBRDYiwaZrC22yMFHBqygUaBfV-JU/getUpdates "HTTP/1.1 200 OK"
2025-05-05 13:01:00,622 - httpx - INFO - HTTP Request: POST https://api.telegram.org/bot7519915111:AAHVz5vBRDYiwaZrC22yMFHBqygUaBfV-JU/answerCallbackQuery "HTTP/1.1 200 OK"
2025-05-05 13:01:00,828 - httpx - INFO - HTTP Request: POST https://api.telegram.org/bot7519915111:AAHVz5vBRDYiwaZrC22yMFHBqygUaBfV-JU/editMessageText "HTTP/1.1 200 OK"
2025-05-05 13:01:02,287 - httpx - INFO - HTTP Request: POST https://api.telegram.org/bot7519915111:AAHVz5vBRDYiwaZrC22yMFHBqygUaBfV-JU/getUpdates "HTTP/1.1 200 OK"
2025-05-05 13:01:02,451 - httpx - INFO - HTTP Request: POST https://api.telegram.org/bot7519915111:AAHVz5vBRDYiwaZrC22yMFHBqygUaBfV-JU/answerCallbackQuery "HTTP/1.1 200 OK"
2025-05-05 13:01:02,749 - httpx - INFO - HTTP Request: POST https://api.telegram.org/bot7519915111:AAHVz5vBRDYiwaZrC22yMFHBqygUaBfV-JU/editMessageText "HTTP/1.1 200 OK"
2025-05-05 13:01:05,297 - httpx - INFO - HTTP Request: POST https://api.telegram.org/bot7519915111:AAHVz5vBRDYiwaZrC22yMFHBqygUaBfV-JU/getUpdates "HTTP/1.1 200 OK"
2025-05-05 13:01:05,424 - httpx - INFO - HTTP Request: POST https://api.telegram.org/bot7519915111:AAHVz5vBRDYiwaZrC22yMFHBqygUaBfV-JU/answerCallbackQuery "HTTP/1.1 200 OK"
2025-05-05 13:01:05,628 - httpx - INFO - HTTP Request: POST https://api.telegram.org/bot7519915111:AAHVz5vBRDYiwaZrC22yMFHBqygUaBfV-JU/editMessageText "HTTP/1.1 200 OK"
2025-05-05 13:01:07,262 - httpx - INFO - HTTP Request: POST https://api.telegram.org/bot7519915111:AAHVz5vBRDYiwaZrC22yMFHBqygUaBfV-JU/getUpdates "HTTP/1.1 200 OK"
2025-05-05 13:01:07,477 - httpx - INFO - HTTP Request: POST https://api.telegram.org/bot7519915111:AAHVz5vBRDYiwaZrC22yMFHBqygUaBfV-JU/answerCallbackQuery "HTTP/1.1 200 OK"
2025-05-05 13:01:07,715 - httpx - INFO - HTTP Request: POST https://api.telegram.org/bot7519915111:AAHVz5vBRDYiwaZrC22yMFHBqygUaBfV-JU/editMessageText "HTTP/1.1 200 OK"
2025-05-05 13:01:08,379 - httpx - INFO - HTTP Request: POST https://api.telegram.org/bot7519915111:AAHVz5vBRDYiwaZrC22yMFHBqygUaBfV-JU/getUpdates "HTTP/1.1 200 OK"
2025-05-05 13:01:08,587 - httpx - INFO - HTTP Request: POST https://api.telegram.org/bot7519915111:AAHVz5vBRDYiwaZrC22yMFHBqygUaBfV-JU/answerCallbackQuery "HTTP/1.1 200 OK"
2025-05-05 13:01:08,800 - httpx - INFO - HTTP Request: POST https://api.telegram.org/bot7519915111:AAHVz5vBRDYiwaZrC22yMFHBqygUaBfV-JU/editMessageText "HTTP/1.1 200 OK"
2025-05-05 13:01:09,518 - httpx - INFO - HTTP Request: POST https://api.telegram.org/bot7519915111:AAHVz5vBRDYiwaZrC22yMFHBqygUaBfV-JU/getUpdates "HTTP/1.1 200 OK"
2025-05-05 13:01:09,666 - httpx - INFO - HTTP Request: POST https://api.telegram.org/bot7519915111:AAHVz5vBRDYiwaZrC22yMFHBqygUaBfV-JU/answerCallbackQuery "HTTP/1.1 200 OK"
2025-05-05 13:01:09,688 - __main__ - INFO - API /makeOrder success: ÍÓÙÂ ‡ÏÂËÍ‡ÌÓ Ò ‚‡ÌËÎ¸Ì˚Ï ÒËÓÔÓÏ, ÍÎÂÌÓ‚˚Ï ÒËÓÔÓÏ, ÍÓËˆÂÈ, status: 200
2025-05-05 13:01:09,900 - httpx - INFO - HTTP Request: POST https://api.telegram.org/bot7519915111:AAHVz5vBRDYiwaZrC22yMFHBqygUaBfV-JU/editMessageText "HTTP/1.1 200 OK"
2025-05-05 13:01:10,075 - httpx - INFO - HTTP Request: POST https://api.telegram.org/bot7519915111:AAHVz5vBRDYiwaZrC22yMFHBqygUaBfV-JU/sendMessage "HTTP/1.1 200 OK"
2025-05-05 13:01:19,627 - httpx - INFO - HTTP Request: POST https://api.telegram.org/bot7519915111:AAHVz5vBRDYiwaZrC22yMFHBqygUaBfV-JU/getUpdates "HTTP/1.1 200 OK"
2025-05-05 13:01:23,908 - httpx - INFO - HTTP Request: POST https://api.telegram.org/bot7519915111:AAHVz5vBRDYiwaZrC22yMFHBqygUaBfV-JU/getUpdates "HTTP/1.1 200 OK"
2025-05-05 13:01:24,309 - httpx - INFO - HTTP Request: POST https://api.telegram.org/bot7519915111:AAHVz5vBRDYiwaZrC22yMFHBqygUaBfV-JU/answerCallbackQuery "HTTP/1.1 200 OK"
2025-05-05 13:01:24,464 - httpx - INFO - HTTP Request: POST https://api.telegram.org/bot7519915111:AAHVz5vBRDYiwaZrC22yMFHBqygUaBfV-JU/editMessageText "HTTP/1.1 200 OK"
2025-05-05 13:01:24,644 - httpx - INFO - HTTP Request: POST https://api.telegram.org/bot7519915111:AAHVz5vBRDYiwaZrC22yMFHBqygUaBfV-JU/sendMessage "HTTP/1.1 200 OK"
2025-05-05 13:01:25,356 - httpx - INFO - HTTP Request: POST https://api.telegram.org/bot7519915111:AAHVz5vBRDYiwaZrC22yMFHBqygUaBfV-JU/getUpdates "HTTP/1.1 200 OK"
2025-05-05 13:01:25,490 - httpx - INFO - HTTP Request: POST https://api.telegram.org/bot7519915111:AAHVz5vBRDYiwaZrC22yMFHBqygUaBfV-JU/answerCallbackQuery "HTTP/1.1 200 OK"
2025-05-05 13:01:25,656 - httpx - INFO - HTTP Request: POST https://api.telegram.org/bot7519915111:AAHVz5vBRDYiwaZrC22yMFHBqygUaBfV-JU/editMessageText "HTTP/1.1 200 OK"
2025-05-05 13:01:25,794 - httpx - INFO - HTTP Request: POST https://api.telegram.org/bot7519915111:AAHVz5vBRDYiwaZrC22yMFHBqygUaBfV-JU/sendMessage "HTTP/1.1 200 OK"
2025-05-05 13:01:27,140 - httpx - INFO - HTTP Request: POST https://api.telegram.org/bot7519915111:AAHVz5vBRDYiwaZrC22yMFHBqygUaBfV-JU/getUpdates "HTTP/1.1 200 OK"
2025-05-05 13:01:27,305 - httpx - INFO - HTTP Request: POST https://api.telegram.org/bot7519915111:AAHVz5vBRDYiwaZrC22yMFHBqygUaBfV-JU/answerCallbackQuery "HTTP/1.1 200 OK"
2025-05-05 13:01:27,536 - httpx - INFO - HTTP Request: POST https://api.telegram.org/bot7519915111:AAHVz5vBRDYiwaZrC22yMFHBqygUaBfV-JU/editMessageText "HTTP/1.1 200 OK"
2025-05-05 13:01:27,756 - httpx - INFO - HTTP Request: POST https://api.telegram.org/bot7519915111:AAHVz5vBRDYiwaZrC22yMFHBqygUaBfV-JU/sendMessage "HTTP/1.1 200 OK"
2025-05-05 13:01:28,367 - httpx - INFO - HTTP Request: POST https://api.telegram.org/bot7519915111:AAHVz5vBRDYiwaZrC22yMFHBqygUaBfV-JU/getUpdates "HTTP/1.1 200 OK"
2025-05-05 13:01:28,618 - httpx - INFO - HTTP Request: POST https://api.telegram.org/bot7519915111:AAHVz5vBRDYiwaZrC22yMFHBqygUaBfV-JU/answerCallbackQuery "HTTP/1.1 200 OK"
2025-05-05 13:01:28,792 - httpx - INFO - HTTP Request: POST https://api.telegram.org/bot7519915111:AAHVz5vBRDYiwaZrC22yMFHBqygUaBfV-JU/editMessageText "HTTP/1.1 200 OK"
2025-05-05 13:01:28,942 - httpx - INFO - HTTP Request: POST https://api.telegram.org/bot7519915111:AAHVz5vBRDYiwaZrC22yMFHBqygUaBfV-JU/sendMessage "HTTP/1.1 200 OK"
2025-05-05 13:01:29,724 - httpx - INFO - HTTP Request: POST https://api.telegram.org/bot7519915111:AAHVz5vBRDYiwaZrC22yMFHBqygUaBfV-JU/getUpdates "HTTP/1.1 200 OK"
2025-05-05 13:01:29,923 - httpx - INFO - HTTP Request: POST https://api.telegram.org/bot7519915111:AAHVz5vBRDYiwaZrC22yMFHBqygUaBfV-JU/answerCallbackQuery "HTTP/1.1 200 OK"
2025-05-05 13:01:30,107 - httpx - INFO - HTTP Request: POST https://api.telegram.org/bot7519915111:AAHVz5vBRDYiwaZrC22yMFHBqygUaBfV-JU/editMessageText "HTTP/1.1 200 OK"
2025-05-05 13:01:30,292 - httpx - INFO - HTTP Request: POST https://api.telegram.org/bot7519915111:AAHVz5vBRDYiwaZrC22yMFHBqygUaBfV-JU/sendMessage "HTTP/1.1 200 OK"
2025-05-05 13:01:34,352 - httpx - INFO - HTTP Request: POST https://api.telegram.org/bot7519915111:AAHVz5vBRDYiwaZrC22yMFHBqygUaBfV-JU/getUpdates "HTTP/1.1 200 OK"
2025-05-05 13:01:34,579 - httpx - INFO - HTTP Request: POST https://api.telegram.org/bot7519915111:AAHVz5vBRDYiwaZrC22yMFHBqygUaBfV-JU/sendMessage "HTTP/1.1 200 OK"
2025-05-05 13:01:44,485 - httpx - INFO - HTTP Request: POST https://api.telegram.org/bot7519915111:AAHVz5vBRDYiwaZrC22yMFHBqygUaBfV-JU/getUpdates "HTTP/1.1 200 OK"
2025-05-05 13:01:47,548 - httpx - INFO - HTTP Request: POST https://api.telegram.org/bot7519915111:AAHVz5vBRDYiwaZrC22yMFHBqygUaBfV-JU/getUpdates "HTTP/1.1 200 OK"
2025-05-05 13:01:47,985 - httpx - INFO - HTTP Request: POST https://api.telegram.org/bot7519915111:AAHVz5vBRDYiwaZrC22yMFHBqygUaBfV-JU/answerCallbackQuery "HTTP/1.1 200 OK"
2025-05-05 13:01:48,118 - httpx - INFO - HTTP Request: POST https://api.telegram.org/bot7519915111:AAHVz5vBRDYiwaZrC22yMFHBqygUaBfV-JU/editMessageText "HTTP/1.1 200 OK"
2025-05-05 13:01:48,852 - httpx - INFO - HTTP Request: POST https://api.telegram.org/bot7519915111:AAHVz5vBRDYiwaZrC22yMFHBqygUaBfV-JU/getUpdates "HTTP/1.1 200 OK"
2025-05-05 13:01:48,971 - httpx - INFO - HTTP Request: POST https://api.telegram.org/bot7519915111:AAHVz5vBRDYiwaZrC22yMFHBqygUaBfV-JU/answerCallbackQuery "HTTP/1.1 200 OK"
2025-05-05 13:01:49,116 - httpx - INFO - HTTP Request: POST https://api.telegram.org/bot7519915111:AAHVz5vBRDYiwaZrC22yMFHBqygUaBfV-JU/editMessageText "HTTP/1.1 200 OK"
2025-05-05 13:01:50,221 - httpx - INFO - HTTP Request: POST https://api.telegram.org/bot7519915111:AAHVz5vBRDYiwaZrC22yMFHBqygUaBfV-JU/getUpdates "HTTP/1.1 200 OK"
2025-05-05 13:01:50,506 - httpx - INFO - HTTP Request: POST https://api.telegram.org/bot7519915111:AAHVz5vBRDYiwaZrC22yMFHBqygUaBfV-JU/answerCallbackQuery "HTTP/1.1 200 OK"
2025-05-05 13:01:50,739 - httpx - INFO - HTTP Request: POST https://api.telegram.org/bot7519915111:AAHVz5vBRDYiwaZrC22yMFHBqygUaBfV-JU/editMessageText "HTTP/1.1 200 OK"
2025-05-05 13:01:52,523 - httpx - INFO - HTTP Request: POST https://api.telegram.org/bot7519915111:AAHVz5vBRDYiwaZrC22yMFHBqygUaBfV-JU/getUpdates "HTTP/1.1 200 OK"
2025-05-05 13:01:52,636 - httpx - INFO - HTTP Request: POST https://api.telegram.org/bot7519915111:AAHVz5vBRDYiwaZrC22yMFHBqygUaBfV-JU/answerCallbackQuery "HTTP/1.1 200 OK"
2025-05-05 13:01:52,768 - httpx - INFO - HTTP Request: POST https://api.telegram.org/bot7519915111:AAHVz5vBRDYiwaZrC22yMFHBqygUaBfV-JU/editMessageText "HTTP/1.1 200 OK"
2025-05-05 13:01:53,464 - httpx - INFO - HTTP Request: POST https://api.telegram.org/bot7519915111:AAHVz5vBRDYiwaZrC22yMFHBqygUaBfV-JU/getUpdates "HTTP/1.1 200 OK"
2025-05-05 13:01:53,618 - httpx - INFO - HTTP Request: POST https://api.telegram.org/bot7519915111:AAHVz5vBRDYiwaZrC22yMFHBqygUaBfV-JU/answerCallbackQuery "HTTP/1.1 200 OK"
2025-05-05 13:01:53,635 - __main__ - INFO - API /makeOrder success: ÍÓÙÂ ÏÓÍ‡˜ËÌÓ Ò Í‡‡ÏÂÎ¸Ì˚Ï ÒËÓÔÓÏ, Ò‡ı‡ÓÏ, status: 200
2025-05-05 13:01:53,803 - httpx - INFO - HTTP Request: POST https://api.telegram.org/bot7519915111:AAHVz5vBRDYiwaZrC22yMFHBqygUaBfV-JU/editMessageText "HTTP/1.1 200 OK"
2025-05-05 13:01:53,959 - httpx - INFO - HTTP Request: POST https://api.telegram.org/bot7519915111:AAHVz5vBRDYiwaZrC22yMFHBqygUaBfV-JU/sendMessage "HTTP/1.1 200 OK"
2025-05-05 13:02:03,603 - httpx - INFO - HTTP Request: POST https://api.telegram.org/bot7519915111:AAHVz5vBRDYiwaZrC22yMFHBqygUaBfV-JU/getUpdates "HTTP/1.1 200 OK"
2025-05-05 13:02:13,716 - httpx - INFO - HTTP Request: POST https://api.telegram.org/bot7519915111:AAHVz5vBRDYiwaZrC22yMFHBqygUaBfV-JU/getUpdates "HTTP/1.1 200 OK"
2025-05-05 13:02:23,846 - httpx - INFO - HTTP Request: POST https://api.telegram.org/bot7519915111:AAHVz5vBRDYiwaZrC22yMFHBqygUaBfV-JU/getUpdates "HTTP/1.1 200 OK"
2025-05-05 13:02:33,964 - httpx - INFO - HTTP Request: POST https://api.telegram.org/bot7519915111:AAHVz5vBRDYiwaZrC22yMFHBqygUaBfV-JU/getUpdates "HTTP/1.1 200 OK"
2025-05-05 13:02:44,078 - httpx - INFO - HTTP Request: POST https://api.telegram.org/bot7519915111:AAHVz5vBRDYiwaZrC22yMFHBqygUaBfV-JU/getUpdates "HTTP/1.1 200 OK"
2025-05-05 13:02:54,211 - httpx - INFO - HTTP Request: POST https://api.telegram.org/bot7519915111:AAHVz5vBRDYiwaZrC22yMFHBqygUaBfV-JU/getUpdates "HTTP/1.1 200 OK"
2025-05-05 13:03:04,327 - httpx - INFO - HTTP Request: POST https://api.telegram.org/bot7519915111:AAHVz5vBRDYiwaZrC22yMFHBqygUaBfV-JU/getUpdates "HTTP/1.1 200 OK"
2025-05-05 13:03:14,438 - httpx - INFO - HTTP Request: POST https://api.telegram.org/bot7519915111:AAHVz5vBRDYiwaZrC22yMFHBqygUaBfV-JU/getUpdates "HTTP/1.1 200 OK"
2025-05-05 13:03:24,579 - httpx - INFO - HTTP Request: POST https://api.telegram.org/bot7519915111:AAHVz5vBRDYiwaZrC22yMFHBqygUaBfV-JU/getUpdates "HTTP/1.1 200 OK"
2025-05-05 13:03:34,701 - httpx - INFO - HTTP Request: POST https://api.telegram.org/bot7519915111:AAHVz5vBRDYiwaZrC22yMFHBqygUaBfV-JU/getUpdates "HTTP/1.1 200 OK"
2025-05-05 13:03:44,839 - httpx - INFO - HTTP Request: POST https://api.telegram.org/bot7519915111:AAHVz5vBRDYiwaZrC22yMFHBqygUaBfV-JU/getUpdates "HTTP/1.1 200 OK"
2025-05-05 13:03:54,973 - httpx - INFO - HTTP Request: POST https://api.telegram.org/bot7519915111:AAHVz5vBRDYiwaZrC22yMFHBqygUaBfV-JU/getUpdates "HTTP/1.1 200 OK"
2025-05-05 13:04:05,082 - httpx - INFO - HTTP Request: POST https://api.telegram.org/bot7519915111:AAHVz5vBRDYiwaZrC22yMFHBqygUaBfV-JU/getUpdates "HTTP/1.1 200 OK"
2025-05-05 13:04:15,188 - httpx - INFO - HTTP Request: POST https://api.telegram.org/bot7519915111:AAHVz5vBRDYiwaZrC22yMFHBqygUaBfV-JU/getUpdates "HTTP/1.1 200 OK"
2025-05-05 13:04:25,309 - httpx - INFO - HTTP Request: POST https://api.telegram.org/bot7519915111:AAHVz5vBRDYiwaZrC22yMFHBqygUaBfV-JU/getUpdates "HTTP/1.1 200 OK"
2025-05-05 13:04:35,417 - httpx - INFO - HTTP Request: POST https://api.telegram.org/bot7519915111:AAHVz5vBRDYiwaZrC22yMFHBqygUaBfV-JU/getUpdates "HTTP/1.1 200 OK"
2025-05-05 13:04:45,528 - httpx - INFO - HTTP Request: POST https://api.telegram.org/bot7519915111:AAHVz5vBRDYiwaZrC22yMFHBqygUaBfV-JU/getUpdates "HTTP/1.1 200 OK"
2025-05-05 13:04:55,642 - httpx - INFO - HTTP Request: POST https://api.telegram.org/bot7519915111:AAHVz5vBRDYiwaZrC22yMFHBqygUaBfV-JU/getUpdates "HTTP/1.1 200 OK"
2025-05-05 13:05:05,751 - httpx - INFO - HTTP Request: POST https://api.telegram.org/bot7519915111:AAHVz5vBRDYiwaZrC22yMFHBqygUaBfV-JU/getUpdates "HTTP/1.1 200 OK"
2025-05-05 13:05:15,862 - httpx - INFO - HTTP Request: POST https://api.telegram.org/bot7519915111:AAHVz5vBRDYiwaZrC22yMFHBqygUaBfV-JU/getUpdates "HTTP/1.1 200 OK"
2025-05-05 13:05:25,993 - httpx - INFO - HTTP Request: POST https://api.telegram.org/bot7519915111:AAHVz5vBRDYiwaZrC22yMFHBqygUaBfV-JU/getUpdates "HTTP/1.1 200 OK"
2025-05-05 13:05:36,146 - httpx - INFO - HTTP Request: POST https://api.telegram.org/bot7519915111:AAHVz5vBRDYiwaZrC22yMFHBqygUaBfV-JU/getUpdates "HTTP/1.1 200 OK"
2025-05-05 13:05:46,292 - httpx - INFO - HTTP Request: POST https://api.telegram.org/bot7519915111:AAHVz5vBRDYiwaZrC22yMFHBqygUaBfV-JU/getUpdates "HTTP/1.1 200 OK"
2025-05-05 13:05:56,408 - httpx - INFO - HTTP Request: POST https://api.telegram.org/bot7519915111:AAHVz5vBRDYiwaZrC22yMFHBqygUaBfV-JU/getUpdates "HTTP/1.1 200 OK"
2025-05-05 13:06:06,525 - httpx - INFO - HTTP Request: POST https://api.telegram.org/bot7519915111:AAHVz5vBRDYiwaZrC22yMFHBqygUaBfV-JU/getUpdates "HTTP/1.1 200 OK"
2025-05-05 13:06:16,640 - httpx - INFO - HTTP Request: POST https://api.telegram.org/bot7519915111:AAHVz5vBRDYiwaZrC22yMFHBqygUaBfV-JU/getUpdates "HTTP/1.1 200 OK"
2025-05-05 13:06:26,747 - httpx - INFO - HTTP Request: POST https://api.telegram.org/bot7519915111:AAHVz5vBRDYiwaZrC22yMFHBqygUaBfV-JU/getUpdates "HTTP/1.1 200 OK"
2025-05-05 13:06:36,861 - httpx - INFO - HTTP Request: POST https://api.telegram.org/bot7519915111:AAHVz5vBRDYiwaZrC22yMFHBqygUaBfV-JU/getUpdates "HTTP/1.1 200 OK"
2025-05-05 13:06:46,977 - httpx - INFO - HTTP Request: POST https://api.telegram.org/bot7519915111:AAHVz5vBRDYiwaZrC22yMFHBqygUaBfV-JU/getUpdates "HTTP/1.1 200 OK"
2025-05-05 13:06:57,108 - httpx - INFO - HTTP Request: POST https://api.telegram.org/bot7519915111:AAHVz5vBRDYiwaZrC22yMFHBqygUaBfV-JU/getUpdates "HTTP/1.1 200 OK"
2025-05-05 13:07:07,223 - httpx - INFO - HTTP Request: POST https://api.telegram.org/bot7519915111:AAHVz5vBRDYiwaZrC22yMFHBqygUaBfV-JU/getUpdates "HTTP/1.1 200 OK"
2025-05-05 13:07:17,342 - httpx - INFO - HTTP Request: POST https://api.telegram.org/bot7519915111:AAHVz5vBRDYiwaZrC22yMFHBqygUaBfV-JU/getUpdates "HTTP/1.1 200 OK"
2025-05-05 13:07:27,460 - httpx - INFO - HTTP Request: POST https://api.telegram.org/bot7519915111:AAHVz5vBRDYiwaZrC22yMFHBqygUaBfV-JU/getUpdates "HTTP/1.1 200 OK"
2025-05-05 13:07:37,583 - httpx - INFO - HTTP Request: POST https://api.telegram.org/bot7519915111:AAHVz5vBRDYiwaZrC22yMFHBqygUaBfV-JU/getUpdates "HTTP/1.1 200 OK"
